
Time : 19/1/2026, 2:54:15 pm
Total Memory : 15.68 GB
Free Memory : 4.69 GB
Platform : win32
CPU : 12th Gen Intel(R) Core(TM) i5-12450H
Uptime : 1.29 hours
-----------------------------

Time : 19/1/2026, 2:54:20 pm
Total Memory : 15.68 GB
Free Memory : 4.67 GB
Platform : win32
CPU : 12th Gen Intel(R) Core(TM) i5-12450H
Uptime : 1.29 hours
-----------------------------

Time : 19/1/2026, 2:54:25 pm
Total Memory : 15.68 GB
Free Memory : 4.68 GB
Platform : win32
CPU : 12th Gen Intel(R) Core(TM) i5-12450H
Uptime : 1.29 hours
-----------------------------

Time : 19/1/2026, 2:54:30 pm
Total Memory : 15.68 GB
Free Memory : 4.69 GB
Platform : win32
CPU : 12th Gen Intel(R) Core(TM) i5-12450H
Uptime : 1.30 hours
-----------------------------

Time : 19/1/2026, 2:54:35 pm
Total Memory : 15.68 GB
Free Memory : 4.69 GB
Platform : win32
CPU : 12th Gen Intel(R) Core(TM) i5-12450H
Uptime : 1.30 hours
-----------------------------

Time : 19/1/2026, 2:54:40 pm
Total Memory : 15.68 GB
Free Memory : 4.66 GB
Platform : win32
CPU : 12th Gen Intel(R) Core(TM) i5-12450H
Uptime : 1.30 hours
-----------------------------

Time : 19/1/2026, 2:54:45 pm
Total Memory : 15.68 GB
Free Memory : 4.63 GB
Platform : win32
CPU : 12th Gen Intel(R) Core(TM) i5-12450H
Uptime : 1.30 hours
-----------------------------

Time : 19/1/2026, 2:54:50 pm
Total Memory : 15.68 GB
Free Memory : 4.64 GB
Platform : win32
CPU : 12th Gen Intel(R) Core(TM) i5-12450H
Uptime : 1.30 hours
-----------------------------

Time : 19/1/2026, 2:54:55 pm
Total Memory : 15.68 GB
Free Memory : 4.57 GB
Platform : win32
CPU : 12th Gen Intel(R) Core(TM) i5-12450H
Uptime : 1.30 hours
-----------------------------

Time : 19/1/2026, 2:55:00 pm
Total Memory : 15.68 GB
Free Memory : 4.50 GB
Platform : win32
CPU : 12th Gen Intel(R) Core(TM) i5-12450H
Uptime : 1.30 hours
-----------------------------

Time : 19/1/2026, 2:55:05 pm
Total Memory : 15.68 GB
Free Memory : 4.49 GB
Platform : win32
CPU : 12th Gen Intel(R) Core(TM) i5-12450H
Uptime : 1.31 hours
-----------------------------

Time : 19/1/2026, 2:55:10 pm
Total Memory : 15.68 GB
Free Memory : 4.49 GB
Platform : win32
CPU : 12th Gen Intel(R) Core(TM) i5-12450H
Uptime : 1.31 hours
-----------------------------

Time : 19/1/2026, 2:55:15 pm
Total Memory : 15.68 GB
Free Memory : 4.48 GB
Platform : win32
CPU : 12th Gen Intel(R) Core(TM) i5-12450H
Uptime : 1.31 hours
-----------------------------

Time : 19/1/2026, 2:55:20 pm
Total Memory : 15.68 GB
Free Memory : 4.53 GB
Platform : win32
CPU : 12th Gen Intel(R) Core(TM) i5-12450H
Uptime : 1.31 hours
-----------------------------

Time : 19/1/2026, 2:55:25 pm
Total Memory : 15.68 GB
Free Memory : 4.55 GB
Platform : win32
CPU : 12th Gen Intel(R) Core(TM) i5-12450H
Uptime : 1.31 hours
-----------------------------

Time : 19/1/2026, 2:55:30 pm
Total Memory : 15.68 GB
Free Memory : 4.56 GB
Platform : win32
CPU : 12th Gen Intel(R) Core(TM) i5-12450H
Uptime : 1.31 hours
-----------------------------

Time : 19/1/2026, 2:55:35 pm
Total Memory : 15.68 GB
Free Memory : 4.53 GB
Platform : win32
CPU : 12th Gen Intel(R) Core(TM) i5-12450H
Uptime : 1.31 hours
-----------------------------

Time : 19/1/2026, 2:55:40 pm
Total Memory : 15.68 GB
Free Memory : 4.53 GB
Platform : win32
CPU : 12th Gen Intel(R) Core(TM) i5-12450H
Uptime : 1.32 hours
-----------------------------

Time : 19/1/2026, 2:55:45 pm
Total Memory : 15.68 GB
Free Memory : 4.58 GB
Platform : win32
CPU : 12th Gen Intel(R) Core(TM) i5-12450H
Uptime : 1.32 hours
-----------------------------

Time : 19/1/2026, 2:55:50 pm
Total Memory : 15.68 GB
Free Memory : 4.55 GB
Platform : win32
CPU : 12th Gen Intel(R) Core(TM) i5-12450H
Uptime : 1.32 hours
-----------------------------

Time : 19/1/2026, 2:55:55 pm
Total Memory : 15.68 GB
Free Memory : 4.58 GB
Platform : win32
CPU : 12th Gen Intel(R) Core(TM) i5-12450H
Uptime : 1.32 hours
-----------------------------

Time : 19/1/2026, 2:56:00 pm
Total Memory : 15.68 GB
Free Memory : 4.59 GB
Platform : win32
CPU : 12th Gen Intel(R) Core(TM) i5-12450H
Uptime : 1.32 hours
-----------------------------

Time : 19/1/2026, 2:56:05 pm
Total Memory : 15.68 GB
Free Memory : 4.59 GB
Platform : win32
CPU : 12th Gen Intel(R) Core(TM) i5-12450H
Uptime : 1.32 hours
-----------------------------

Time : 19/1/2026, 2:56:10 pm
Total Memory : 15.68 GB
Free Memory : 4.53 GB
Platform : win32
CPU : 12th Gen Intel(R) Core(TM) i5-12450H
Uptime : 1.32 hours
-----------------------------

Time : 19/1/2026, 2:56:15 pm
Total Memory : 15.68 GB
Free Memory : 4.53 GB
Platform : win32
CPU : 12th Gen Intel(R) Core(TM) i5-12450H
Uptime : 1.33 hours
-----------------------------

Time : 19/1/2026, 3:19:29 pm
Total Memory : 15.68 GB
Free Memory : 4.55 GB
Platform : win32
CPU : 12th Gen Intel(R) Core(TM) i5-12450H
Uptime : 1.71 hours
-----------------------------

Time : 19/1/2026, 3:19:34 pm
Total Memory : 15.68 GB
Free Memory : 4.58 GB
Platform : win32
CPU : 12th Gen Intel(R) Core(TM) i5-12450H
Uptime : 1.71 hours
-----------------------------

Time : 19/1/2026, 3:19:39 pm
Total Memory : 15.68 GB
Free Memory : 4.56 GB
Platform : win32
CPU : 12th Gen Intel(R) Core(TM) i5-12450H
Uptime : 1.72 hours
-----------------------------
